
2025-03-19 14:28:37 | Runtime: 0:00:04 | INFO     | root:init:102 |
Logging initialized

2025-03-19 14:28:40 | Runtime: 0:00:07 | INFO     | src.config.versioning:check_version:40 |
Current version (1.6.0) is up to date.

2025-03-19 14:29:00 | Runtime: 0:00:27 | INFO     | src.config.chronos:set_timezone:144 |
CURRENT TIMEZONE: America/New_York

2025-03-19 14:29:00 | Runtime: 0:00:27 | INFO     | src.config.chronos:setup_shift:112 |
Setting up shift for site SAV7 with start hour 6 and end hour 18

2025-03-19 14:29:00 | Runtime: 0:00:27 | INFO     | src.config.chronos:calculate_shift_times:205 |
Time Variables Calculated
Shift Times: 06:00:00 - 18:00:00
Millisecond Times: 1742382300000 - 1742504700000
Total Hours: 12:00:00
Elapsed Time: 8:29:00.398896
Hours Remaining: 3:30:59.601104
Current Time: 14:29:00

2025-03-19 14:29:00 | Runtime: 0:00:27 | INFO     | src.config.chronos:setup_shift:120 |
Shift setup successful for site SAV7

2025-03-19 14:29:00 | Runtime: 0:00:27 | INFO     | src.config.site_build:__init__:56 |
SiteBuilder Initialized:
- Site Code: SAV7
- Shift Start: 2025-03-19 06:00:00-04:00

2025-03-19 14:29:00 | Runtime: 0:00:27 | INFO     | src.config.site_build:get_site_info:93 |
No pick areas loaded, attempting to load

2025-03-19 14:29:00 | Runtime: 0:00:27 | INFO     | src.config.site_build:load_pick_areas:285 |
=== Starting load_pick_areas ===

2025-03-19 14:29:00 | Runtime: 0:00:27 | INFO     | src.config.site_build:load_pick_areas:301 |
Loading from network path: //ant/dept-na/SAV7/Public/PickAssist/Areas\SAV7_site_info.json

2025-03-19 14:29:01 | Runtime: 0:00:28 | INFO     | src.config.site_build:load_pick_areas:312 |
Successfully loaded pick areas from network for SAV7

2025-03-19 14:29:01 | Runtime: 0:00:28 | INFO     | src.config.site_build:load_pick_areas:313 |
shape: (11, 6)
┌──────────┬─────────────┬───────────┬────────────┬──────────┬─────────┐
│ Name     ┆ Start Aisle ┆ End Aisle ┆ Start Slot ┆ End Slot ┆ Cluster │
│ ---      ┆ ---         ┆ ---       ┆ ---        ┆ ---      ┆ ---     │
│ str      ┆ str         ┆ str       ┆ str        ┆ str      ┆ str     │
╞══════════╪═════════════╪═══════════╪════════════╪══════════╪═════════╡
│ paRack01 ┆ 300         ┆ 306       ┆ 145        ┆ 790      ┆         │
│ paVNA01  ┆ 101         ┆ 121       ┆ 152        ┆ 570      ┆         │
│ paVNA02  ┆ 122         ┆ 143       ┆ 152        ┆ 570      ┆         │
│ paVNA03  ┆ 144         ┆ 164       ┆ 152        ┆ 570      ┆         │
│ paVNA04  ┆ 165         ┆ 185       ┆ 140        ┆ 570      ┆         │
│ …        ┆ …           ┆ …         ┆ …          ┆ …        ┆ …       │
│ paVNA06  ┆ 207         ┆ 227       ┆ 140        ┆ 570      ┆         │
│ paVNA07  ┆ 228         ┆ 243       ┆ 140        ┆ 570      ┆         │
│ paVNA08  ┆ 401         ┆ 424       ┆ 100        ┆ 602      ┆         │
│ paVNA09  ┆ 425         ┆ 448       ┆ 100        ┆ 602      ┆         │
│ paVNA10  ┆ 449         ┆ 472       ┆ 100        ┆ 602      ┆         │
└──────────┴─────────────┴───────────┴────────────┴──────────┴─────────┘

2025-03-19 14:29:01 | Runtime: 0:00:28 | INFO     | src.config.site_build:load_pick_areas:325 |
Successfully saved network data to local file: C:\Users\zavaugha\Projects\Python\PickAssistv2\root\src\config\res\site_info\SAV7_site_info.json

2025-03-19 14:29:01 | Runtime: 0:00:28 | INFO     | src.config.site_build:load_pick_areas:333 |
=== Completed load_pick_areas ===

2025-03-19 14:29:01 | Runtime: 0:00:28 | INFO     | src.config.site_build:get_site_info:98 |
No plan data loaded, attempting to load

2025-03-19 14:29:01 | Runtime: 0:00:28 | INFO     | src.config.site_build:load_recent_plan:116 |
=== Starting load_recent_plan ===

2025-03-19 14:29:01 | Runtime: 0:00:28 | INFO     | src.config.site_build:load_recent_plan:123 |
Initial shift_start: 2025-03-19 06:00:00-04:00

2025-03-19 14:29:01 | Runtime: 0:00:28 | INFO     | src.config.site_build:load_recent_plan:124 |
shift_start type: <class 'datetime.datetime'>

2025-03-19 14:29:01 | Runtime: 0:00:28 | INFO     | src.config.site_build:load_recent_plan:125 |
shift_start tzinfo: America/New_York

2025-03-19 14:29:01 | Runtime: 0:00:28 | INFO     | src.config.site_build:load_recent_plan:133 |
Shift Start had TZ, stripped and calculated one_hour_before: 2025-03-19 05:00:00

2025-03-19 14:29:01 | Runtime: 0:00:28 | INFO     | src.config.site_build:load_recent_plan:139 |
Searching for plans between: 2025-03-19 05:00:00 and 2025-03-19 06:00:00-04:00

2025-03-19 14:29:01 | Runtime: 0:00:28 | INFO     | src.config.site_build:load_recent_plan:147 |
Looking for plans in directory: \\ant\dept-na\SAV7\Public\PickAssist\Plans\SAV7

2025-03-19 14:29:01 | Runtime: 0:00:28 | INFO     | src.config.site_build:load_recent_plan:159 |
=== Starting file search ===

2025-03-19 14:29:01 | Runtime: 0:00:29 | INFO     | src.config.site_build:load_recent_plan:182 |
File search complete. Total files: 0, JSON files: 0, Matching files: 0

2025-03-19 14:29:01 | Runtime: 0:00:29 | WARNING  | src.config.site_build:load_recent_plan:185 |
No matching plan files found in network location

2025-03-19 14:29:01 | Runtime: 0:00:29 | INFO     | src.config.site_build:load_recent_plan:216 |
No old files found to clean up

2025-03-19 14:29:01 | Runtime: 0:00:29 | WARNING  | src.config.site_build:load_recent_plan:255 |
Failed to access network path: No matching plan files found

2025-03-19 14:29:01 | Runtime: 0:00:29 | INFO     | src.config.site_build:load_recent_plan:257 |
Showing input fields

2025-03-19 14:29:01 | Runtime: 0:00:29 | INFO     | src.config.site_build:load_recent_plan:270 |
=== Completed load_recent_plan ===

2025-03-19 14:29:01 | Runtime: 0:00:29 | INFO     | src.config.site_build:get_site_info:98 |
No plan data loaded, attempting to load

2025-03-19 14:29:01 | Runtime: 0:00:29 | INFO     | src.config.site_build:load_recent_plan:116 |
=== Starting load_recent_plan ===

2025-03-19 14:29:01 | Runtime: 0:00:29 | INFO     | src.config.site_build:load_recent_plan:123 |
Initial shift_start: 2025-03-19 06:00:00-04:00

2025-03-19 14:29:01 | Runtime: 0:00:29 | INFO     | src.config.site_build:load_recent_plan:124 |
shift_start type: <class 'datetime.datetime'>

2025-03-19 14:29:01 | Runtime: 0:00:29 | INFO     | src.config.site_build:load_recent_plan:125 |
shift_start tzinfo: America/New_York

2025-03-19 14:29:01 | Runtime: 0:00:29 | INFO     | src.config.site_build:load_recent_plan:133 |
Shift Start had TZ, stripped and calculated one_hour_before: 2025-03-19 05:00:00

2025-03-19 14:29:01 | Runtime: 0:00:29 | INFO     | src.config.site_build:load_recent_plan:139 |
Searching for plans between: 2025-03-19 05:00:00 and 2025-03-19 06:00:00-04:00

2025-03-19 14:29:01 | Runtime: 0:00:29 | INFO     | src.config.site_build:load_recent_plan:147 |
Looking for plans in directory: \\ant\dept-na\SAV7\Public\PickAssist\Plans\SAV7

2025-03-19 14:29:01 | Runtime: 0:00:29 | INFO     | src.config.site_build:load_recent_plan:159 |
=== Starting file search ===

2025-03-19 14:29:01 | Runtime: 0:00:29 | INFO     | src.config.site_build:load_recent_plan:182 |
File search complete. Total files: 0, JSON files: 0, Matching files: 0

2025-03-19 14:29:01 | Runtime: 0:00:29 | WARNING  | src.config.site_build:load_recent_plan:185 |
No matching plan files found in network location

2025-03-19 14:29:01 | Runtime: 0:00:29 | INFO     | src.config.site_build:load_recent_plan:216 |
No old files found to clean up

2025-03-19 14:29:01 | Runtime: 0:00:29 | WARNING  | src.config.site_build:load_recent_plan:255 |
Failed to access network path: No matching plan files found

2025-03-19 14:29:01 | Runtime: 0:00:29 | INFO     | src.config.site_build:load_recent_plan:257 |
Showing input fields

2025-03-19 14:29:01 | Runtime: 0:00:29 | INFO     | src.config.site_build:load_recent_plan:270 |
=== Completed load_recent_plan ===

2025-03-19 14:29:01 | Runtime: 0:00:29 | INFO     | src.auth.midway:authenticate:77 |
New Session Initiated...

2025-03-19 14:29:02 | Runtime: 0:00:29 | INFO     | src.auth.midway:authenticate:100 |
Auth Status: True

2025-03-19 14:29:02 | Runtime: 0:00:29 | INFO     | src.auth.midway:authenticate:113 |
Fresh Cookies!

2025-03-19 14:29:02 | Runtime: 0:00:29 | INFO     | src.auth.midway:authenticate:187 |
Authenticated Successfully.

2025-03-19 14:29:02 | Runtime: 0:00:29 | INFO     | ui.app:initialize_main_window:202 |
Site: SAV7

2025-03-19 14:29:02 | Runtime: 0:00:29 | INFO     | src.config.site_build:get_site_info:98 |
No plan data loaded, attempting to load

2025-03-19 14:29:02 | Runtime: 0:00:29 | INFO     | src.config.site_build:load_recent_plan:116 |
=== Starting load_recent_plan ===

2025-03-19 14:29:02 | Runtime: 0:00:29 | INFO     | src.config.site_build:load_recent_plan:123 |
Initial shift_start: 2025-03-19 06:00:00-04:00

2025-03-19 14:29:02 | Runtime: 0:00:29 | INFO     | src.config.site_build:load_recent_plan:124 |
shift_start type: <class 'datetime.datetime'>

2025-03-19 14:29:02 | Runtime: 0:00:29 | INFO     | src.config.site_build:load_recent_plan:125 |
shift_start tzinfo: America/New_York

2025-03-19 14:29:02 | Runtime: 0:00:29 | INFO     | src.config.site_build:load_recent_plan:133 |
Shift Start had TZ, stripped and calculated one_hour_before: 2025-03-19 05:00:00

2025-03-19 14:29:02 | Runtime: 0:00:29 | INFO     | src.config.site_build:load_recent_plan:139 |
Searching for plans between: 2025-03-19 05:00:00 and 2025-03-19 06:00:00-04:00

2025-03-19 14:29:02 | Runtime: 0:00:29 | INFO     | src.config.site_build:load_recent_plan:147 |
Looking for plans in directory: \\ant\dept-na\SAV7\Public\PickAssist\Plans\SAV7

2025-03-19 14:29:02 | Runtime: 0:00:29 | INFO     | src.config.site_build:load_recent_plan:159 |
=== Starting file search ===

2025-03-19 14:29:02 | Runtime: 0:00:29 | INFO     | src.config.site_build:load_recent_plan:182 |
File search complete. Total files: 0, JSON files: 0, Matching files: 0

2025-03-19 14:29:02 | Runtime: 0:00:29 | WARNING  | src.config.site_build:load_recent_plan:185 |
No matching plan files found in network location

2025-03-19 14:29:02 | Runtime: 0:00:29 | INFO     | src.config.site_build:load_recent_plan:216 |
No old files found to clean up

2025-03-19 14:29:02 | Runtime: 0:00:29 | WARNING  | src.config.site_build:load_recent_plan:255 |
Failed to access network path: No matching plan files found

2025-03-19 14:29:02 | Runtime: 0:00:29 | INFO     | src.config.site_build:load_recent_plan:257 |
Showing input fields

2025-03-19 14:29:02 | Runtime: 0:00:29 | INFO     | src.config.site_build:load_recent_plan:270 |
=== Completed load_recent_plan ===

2025-03-19 14:29:02 | Runtime: 0:00:29 | INFO     | src.config.site_build:get_site_info:98 |
No plan data loaded, attempting to load

2025-03-19 14:29:02 | Runtime: 0:00:29 | INFO     | src.config.site_build:load_recent_plan:116 |
=== Starting load_recent_plan ===

2025-03-19 14:29:02 | Runtime: 0:00:29 | INFO     | src.config.site_build:load_recent_plan:123 |
Initial shift_start: 2025-03-19 06:00:00-04:00

2025-03-19 14:29:02 | Runtime: 0:00:29 | INFO     | src.config.site_build:load_recent_plan:124 |
shift_start type: <class 'datetime.datetime'>

2025-03-19 14:29:02 | Runtime: 0:00:29 | INFO     | src.config.site_build:load_recent_plan:125 |
shift_start tzinfo: America/New_York

2025-03-19 14:29:02 | Runtime: 0:00:29 | INFO     | src.config.site_build:load_recent_plan:133 |
Shift Start had TZ, stripped and calculated one_hour_before: 2025-03-19 05:00:00

2025-03-19 14:29:02 | Runtime: 0:00:29 | INFO     | src.config.site_build:load_recent_plan:139 |
Searching for plans between: 2025-03-19 05:00:00 and 2025-03-19 06:00:00-04:00

2025-03-19 14:29:02 | Runtime: 0:00:29 | INFO     | src.config.site_build:load_recent_plan:147 |
Looking for plans in directory: \\ant\dept-na\SAV7\Public\PickAssist\Plans\SAV7

2025-03-19 14:29:02 | Runtime: 0:00:29 | INFO     | src.config.site_build:load_recent_plan:159 |
=== Starting file search ===

2025-03-19 14:29:02 | Runtime: 0:00:29 | INFO     | src.config.site_build:load_recent_plan:182 |
File search complete. Total files: 0, JSON files: 0, Matching files: 0

2025-03-19 14:29:02 | Runtime: 0:00:29 | WARNING  | src.config.site_build:load_recent_plan:185 |
No matching plan files found in network location

2025-03-19 14:29:02 | Runtime: 0:00:29 | INFO     | src.config.site_build:load_recent_plan:216 |
No old files found to clean up

2025-03-19 14:29:02 | Runtime: 0:00:29 | WARNING  | src.config.site_build:load_recent_plan:255 |
Failed to access network path: No matching plan files found

2025-03-19 14:29:02 | Runtime: 0:00:29 | INFO     | src.config.site_build:load_recent_plan:257 |
Showing input fields

2025-03-19 14:29:02 | Runtime: 0:00:29 | INFO     | src.config.site_build:load_recent_plan:270 |
=== Completed load_recent_plan ===

2025-03-19 14:29:02 | Runtime: 0:00:29 | INFO     | src.ui.tabs:handle_refresh_state:1905 |
Refresh Check State: False

2025-03-19 14:29:02 | Runtime: 0:00:29 | INFO     | src.ui.tabs:disable_refresh:1984 |
Auto-refresh disabled

2025-03-19 14:29:02 | Runtime: 0:00:29 | INFO     | src.ui.tabs:handle_tooltip_state:1919 |
Tooltip Check State: True

2025-03-19 14:29:02 | Runtime: 0:00:29 | INFO     | src.ui.tabs:enable_tooltips:1956 |
Tooltip enabled for widget: <PySide6.QtWidgets.QCheckBox(0x1ada83a63e0) at 0x000001ADADDBB5C0>
Enable automatic refresh of data

2025-03-19 14:29:02 | Runtime: 0:00:29 | INFO     | src.ui.tabs:enable_tooltips:1956 |
Tooltip enabled for widget: <PySide6.QtWidgets.QSpinBox(0x1ada83a6610) at 0x000001ADADDBB880>
Set auto-refresh interval

2025-03-19 14:29:02 | Runtime: 0:00:29 | INFO     | src.ui.tabs:enable_tooltips:1956 |
Tooltip enabled for widget: <PySide6.QtWidgets.QCheckBox(0x1ada83a5b90) at 0x000001ADADDBBB00>
Show detailed tooltips throughout the application

2025-03-19 14:29:02 | Runtime: 0:00:29 | INFO     | src.ui.tabs:enable_tooltips:1957 |
Tooltips enabled

2025-03-19 14:29:02 | Runtime: 0:00:29 | INFO     | src.config.site_build:get_site_info:98 |
No plan data loaded, attempting to load

2025-03-19 14:29:02 | Runtime: 0:00:29 | INFO     | src.config.site_build:load_recent_plan:116 |
=== Starting load_recent_plan ===

2025-03-19 14:29:02 | Runtime: 0:00:29 | INFO     | src.config.site_build:load_recent_plan:123 |
Initial shift_start: 2025-03-19 06:00:00-04:00

2025-03-19 14:29:02 | Runtime: 0:00:29 | INFO     | src.config.site_build:load_recent_plan:124 |
shift_start type: <class 'datetime.datetime'>

2025-03-19 14:29:02 | Runtime: 0:00:29 | INFO     | src.config.site_build:load_recent_plan:125 |
shift_start tzinfo: America/New_York

2025-03-19 14:29:02 | Runtime: 0:00:29 | INFO     | src.config.site_build:load_recent_plan:133 |
Shift Start had TZ, stripped and calculated one_hour_before: 2025-03-19 05:00:00

2025-03-19 14:29:02 | Runtime: 0:00:29 | INFO     | src.config.site_build:load_recent_plan:139 |
Searching for plans between: 2025-03-19 05:00:00 and 2025-03-19 06:00:00-04:00

2025-03-19 14:29:02 | Runtime: 0:00:29 | INFO     | src.config.site_build:load_recent_plan:147 |
Looking for plans in directory: \\ant\dept-na\SAV7\Public\PickAssist\Plans\SAV7

2025-03-19 14:29:02 | Runtime: 0:00:29 | INFO     | src.config.site_build:load_recent_plan:159 |
=== Starting file search ===

2025-03-19 14:29:02 | Runtime: 0:00:29 | INFO     | src.config.site_build:load_recent_plan:182 |
File search complete. Total files: 0, JSON files: 0, Matching files: 0

2025-03-19 14:29:02 | Runtime: 0:00:29 | WARNING  | src.config.site_build:load_recent_plan:185 |
No matching plan files found in network location

2025-03-19 14:29:02 | Runtime: 0:00:29 | INFO     | src.config.site_build:load_recent_plan:216 |
No old files found to clean up

2025-03-19 14:29:02 | Runtime: 0:00:29 | WARNING  | src.config.site_build:load_recent_plan:255 |
Failed to access network path: No matching plan files found

2025-03-19 14:29:02 | Runtime: 0:00:29 | INFO     | src.config.site_build:load_recent_plan:257 |
Showing input fields

2025-03-19 14:29:02 | Runtime: 0:00:29 | INFO     | src.config.site_build:load_recent_plan:270 |
=== Completed load_recent_plan ===

2025-03-19 14:29:02 | Runtime: 0:00:29 | DEBUG    | PIL.PngImagePlugin:call:198 |
STREAM b'IHDR' 16 13

2025-03-19 14:29:02 | Runtime: 0:00:29 | DEBUG    | PIL.PngImagePlugin:call:198 |
STREAM b'sRGB' 41 1

2025-03-19 14:29:02 | Runtime: 0:00:29 | DEBUG    | PIL.PngImagePlugin:call:198 |
STREAM b'gAMA' 54 4

2025-03-19 14:29:02 | Runtime: 0:00:29 | DEBUG    | PIL.PngImagePlugin:call:198 |
STREAM b'pHYs' 70 9

2025-03-19 14:29:02 | Runtime: 0:00:29 | DEBUG    | PIL.PngImagePlugin:call:198 |
STREAM b'IDAT' 91 4753

2025-03-19 14:29:02 | Runtime: 0:00:29 | INFO     | ui.app:initialize_main_window:324 |
GUI Initialized Successfully.

2025-03-19 14:29:02 | Runtime: 0:00:29 | ERROR    | root:error:152 |
OPENED THE APP!
NoneType: None

2025-03-19 14:29:02 | Runtime: 0:00:29 | INFO     | root:send_error_log:199 |
Read 50 lines from log file

2025-03-19 14:29:02 | Runtime: 0:00:29 | INFO     | root:send_error_log:202 |
Processing error lines...

2025-03-19 14:29:02 | Runtime: 0:00:29 | INFO     | root:send_error_log:244 |
Sending to Slack...

2025-03-19 14:29:02 | Runtime: 0:00:30 | INFO     | root:send_error_log:252 |
Successfully sent log to Slack

2025-03-19 14:29:02 | Runtime: 0:00:30 | INFO     | root:error:156 |
Error log sent successfully
3-19 14:29:02 | Runtime: 0:00:29 | INFO     | root:send_error_log:202 |
Processing error lines...

2025-03-19 14:29:02 | Runtime: 0:00:29 | INFO     | root:send_error_log:244 |
Sending to Slack...

2025-03-19 14:29:02 | Runtime: 0:00:30 | INFO     | root:send_error_log:252 |
Successfully sent log to Slack

2025-03-19 14:29:02 | Runtime: 0:00:30 | INFO     | root:error:156 |
Error log sent successfully
